<?xml version="1.0" encoding="UTF-8" standalone="no"?><testsuite errors="0" failures="1" name="sucursal virtual personas App" skipped="0" tests="1" time="64.0" timestamp="2022-09-15 04:15:07"><testcase name="inicio de sesion exitoso"><failure message="Expected condition failed: waiting for By.xpath: //*[@contentDescription='Shift'] to be present (tried for 5 second(s) with 100 milliseconds interval)&#10;Build info: version: '4.0.0', revision: '3a21814679'&#10;System info: host: 'C11-8HV691PM3FR', ip: '192.168.1.3', os.name: 'Windows 11', os.arch: 'amd64', os.version: '10.0', java.version: '11.0.15'&#10;Driver info: driver.version: unknown" type="net.thucydides.core.webdriver.exceptions.ElementShouldBePresentException">Expected condition failed: waiting for By.xpath: //*[@contentDescription='Shift'] to be present (tried for 5 second(s) with 100 milliseconds interval)
Build info: version: '4.0.0', revision: '3a21814679'
System info: host: 'C11-8HV691PM3FR', ip: '192.168.1.3', os.name: 'Windows 11', os.arch: 'amd64', os.version: '10.0', java.version: '11.0.15'
Driver info: driver.version: unknown</failure><system-err>Expected condition failed: waiting for By.xpath: //*[@contentDescription='Shift'] to be present (tried for 5 second(s) with 100 milliseconds interval)
Build info: version: '4.0.0', revision: '3a21814679'
System info: host: 'C11-8HV691PM3FR', ip: '192.168.1.3', os.name: 'Windows 11', os.arch: 'amd64', os.version: '10.0', java.version: '11.0.15'
Driver info: driver.version: unknown&#13;
co.com.accenture.bamapp.interactions.Write.performAs(Write.java:34)&#13;
co.com.accenture.bamapp.tasks.iniciosesion.InicioSesion.performAs(InicioSesion.java:29)&#13;
co.com.accenture.bamapp.stepdefinitions.iniciosesion.InicioSesionStepDefinitions.elUsuarioIniciaSesionConSusDatos(InicioSesionStepDefinitions.java:33)&#13;
io.cucumber.java.Invoker.doInvoke(Invoker.java:66)&#13;
io.cucumber.java.Invoker.invoke(Invoker.java:24)&#13;
io.cucumber.java.AbstractGlueDefinition.invokeMethod(AbstractGlueDefinition.java:47)&#13;
io.cucumber.java.JavaStepDefinition.execute(JavaStepDefinition.java:29)&#13;
io.cucumber.core.runner.CoreStepDefinition.execute(CoreStepDefinition.java:66)&#13;
io.cucumber.core.runner.PickleStepDefinitionMatch.runStep(PickleStepDefinitionMatch.java:63)&#13;
io.cucumber.core.runner.TestStep.executeStep(TestStep.java:92)&#13;
io.cucumber.core.runner.TestStep.run(TestStep.java:64)&#13;
io.cucumber.core.runner.PickleStepTestStep.run(PickleStepTestStep.java:51)&#13;
io.cucumber.core.runner.TestCase.run(TestCase.java:104)&#13;
io.cucumber.core.runner.Runner.runPickle(Runner.java:73)&#13;
io.cucumber.junit.FeatureRunner.runChild(FeatureRunner.java:135)&#13;
io.cucumber.junit.FeatureRunner.runChild(FeatureRunner.java:27)&#13;
io.cucumber.junit.CucumberSerenityRunner.runChild(CucumberSerenityRunner.java:259)&#13;
io.cucumber.junit.CucumberSerenityRunner.runChild(CucumberSerenityRunner.java:58)&#13;
worker.org.gradle.process.internal.worker.GradleWorkerMain.run(GradleWorkerMain.java:69)&#13;
worker.org.gradle.process.internal.worker.GradleWorkerMain.main(GradleWorkerMain.java:74)&#13;
</system-err></testcase></testsuite>